Using pre-set license
Built from '2021.3/staging' branch; Version is '2021.3.9f1 (ad3870b89536) revision 11352176'; Using compiler version '192829333'; Build Type 'Release'
OS: 'Windows 10  (10.0.19044) 64bit Professional' Language: 'pt' Physical Memory: 32716 MB
BatchMode: 1, IsHumanControllingUs: 0, StartBugReporterOnCrash: 0, Is64bit: 1, IsPro: 1

COMMAND LINE ARGUMENTS:
D:\Unity2\2021.3.9f1\Editor\Unity.exe
-adb2
-batchMode
-noUpm
-name
AssetImportWorker1
-projectPath
C:/Users/danie/2d
-logFile
Logs/AssetImportWorker1.log
-srvPort
18683
Successfully changed project path to: C:/Users/danie/2d
C:/Users/danie/2d
[UnityMemory] Configuration Parameters - Can be set up in boot.config
    "memorysetup-bucket-allocator-granularity=16"
    "memorysetup-bucket-allocator-bucket-count=8"
    "memorysetup-bucket-allocator-block-size=33554432"
    "memorysetup-bucket-allocator-block-count=8"
    "memorysetup-main-allocator-block-size=16777216"
    "memorysetup-thread-allocator-block-size=16777216"
    "memorysetup-gfx-main-allocator-block-size=16777216"
    "memorysetup-gfx-thread-allocator-block-size=16777216"
    "memorysetup-cache-allocator-block-size=4194304"
    "memorysetup-typetree-allocator-block-size=2097152"
    "memorysetup-profiler-bucket-allocator-granularity=16"
    "memorysetup-profiler-bucket-allocator-bucket-count=8"
    "memorysetup-profiler-bucket-allocator-block-size=33554432"
    "memorysetup-profiler-bucket-allocator-block-count=8"
    "memorysetup-profiler-allocator-block-size=16777216"
    "memorysetup-profiler-editor-allocator-block-size=1048576"
    "memorysetup-temp-allocator-size-main=16777216"
    "memorysetup-job-temp-allocator-block-size=2097152"
    "memorysetup-job-temp-allocator-block-size-background=1048576"
    "memorysetup-job-temp-allocator-reduction-small-platforms=262144"
    "memorysetup-temp-allocator-size-background-worker=32768"
    "memorysetup-temp-allocator-size-job-worker=262144"
    "memorysetup-temp-allocator-size-preload-manager=33554432"
    "memorysetup-temp-allocator-size-nav-mesh-worker=65536"
    "memorysetup-temp-allocator-size-audio-worker=65536"
    "memorysetup-temp-allocator-size-cloud-worker=32768"
    "memorysetup-temp-allocator-size-gi-baking-worker=262144"
    "memorysetup-temp-allocator-size-gfx=262144"
Refreshing native plugins compatible for Editor in 139.94 ms, found 4 plugins.
Preloading 0 native plugins for Editor in 0.00 ms.
Initialize engine version: 2021.3.9f1 (ad3870b89536)
[Subsystems] Discovering subsystems at path D:/Unity2/2021.3.9f1/Editor/Data/Resources/UnitySubsystems
[Subsystems] Discovering subsystems at path C:/Users/danie/2d/Assets
GfxDevice: creating device client; threaded=0; jobified=0
Direct3D:
    Version:  Direct3D 11.0 [level 11.1]
    Renderer: Radeon RX 580 Series (ID=0x67df)
    Vendor:   ATI
    VRAM:     8135 MB
    Driver:   31.0.12044.3
Initialize mono
Mono path[0] = 'D:/Unity2/2021.3.9f1/Editor/Data/Managed'
Mono path[1] = 'D:/Unity2/2021.3.9f1/Editor/Data/MonoBleedingEdge/lib/mono/unityjit-win32'
Mono config path = 'D:/Unity2/2021.3.9f1/Editor/Data/MonoBleedingEdge/etc'
Using monoOptions --debugger-agent=transport=dt_socket,embedding=1,server=y,suspend=n,address=127.0.0.1:56280
Begin MonoManager ReloadAssembly
Registering precompiled unity dll's ...
Register platform support module: D:/Unity2/2021.3.9f1/Editor/Data/PlaybackEngines/WindowsStandaloneSupport/UnityEditor.WindowsStandalone.Extensions.dll
Registered in 0.005627 seconds.
Native extension for WindowsStandalone target not found
Refreshing native plugins compatible for Editor in 127.30 ms, found 4 plugins.
Preloading 0 native plugins for Editor in 0.00 ms.
Mono: successfully reloaded assembly
- Completed reload, in  0.953 seconds
Domain Reload Profiling:
	ReloadAssembly (953ms)
		BeginReloadAssembly (118ms)
			ExecutionOrderSort (0ms)
			DisableScriptedObjects (0ms)
			BackupInstance (0ms)
			ReleaseScriptingObjects (0ms)
			CreateAndSetChildDomain (1ms)
		EndReloadAssembly (665ms)
			LoadAssemblies (114ms)
			RebuildTransferFunctionScriptingTraits (0ms)
			SetupTypeCache (153ms)
			ReleaseScriptCaches (0ms)
			RebuildScriptCaches (38ms)
			SetupLoadedEditorAssemblies (397ms)
				LogAssemblyErrors (0ms)
				InitializePlatformSupportModulesInManaged (10ms)
				SetLoadedEditorAssemblies (1ms)
				RefreshPlugins (127ms)
				BeforeProcessingInitializeOnLoad (2ms)
				ProcessInitializeOnLoadAttributes (197ms)
				ProcessInitializeOnLoadMethodAttributes (61ms)
				AfterProcessingInitializeOnLoad (0ms)
				EditorAssembliesLoaded (0ms)
			ExecutionOrderSort2 (0ms)
			AwakeInstancesAfterBackupRestoration (0ms)
Platform modules already initialized, skipping
Registering precompiled user dll's ...
Registered in 0.011920 seconds.
Begin MonoManager ReloadAssembly
Symbol file LoadedFromMemory doesn't match image C:\Users\danie\2d\Library\PackageCache\com.unity.visualscripting@1.7.8\Editor\VisualScripting.Core\Dependencies\YamlDotNet\Unity.VisualScripting.YamlDotNet.dll
Symbol file LoadedFromMemory doesn't match image C:\Users\danie\2d\Library\PackageCache\com.unity.visualscripting@1.7.8\Editor\VisualScripting.Core\Dependencies\DotNetZip\Unity.VisualScripting.IonicZip.dll
Native extension for WindowsStandalone target not found
Refreshing native plugins compatible for Editor in 118.59 ms, found 4 plugins.
Preloading 0 native plugins for Editor in 0.00 ms.
Mono: successfully reloaded assembly
- Completed reload, in  1.584 seconds
Domain Reload Profiling:
	ReloadAssembly (1585ms)
		BeginReloadAssembly (155ms)
			ExecutionOrderSort (0ms)
			DisableScriptedObjects (10ms)
			BackupInstance (0ms)
			ReleaseScriptingObjects (0ms)
			CreateAndSetChildDomain (27ms)
		EndReloadAssembly (1271ms)
			LoadAssemblies (120ms)
			RebuildTransferFunctionScriptingTraits (0ms)
			SetupTypeCache (328ms)
			ReleaseScriptCaches (1ms)
			RebuildScriptCaches (75ms)
			SetupLoadedEditorAssemblies (679ms)
				LogAssemblyErrors (0ms)
				InitializePlatformSupportModulesInManaged (5ms)
				SetLoadedEditorAssemblies (0ms)
				RefreshPlugins (119ms)
				BeforeProcessingInitializeOnLoad (124ms)
				ProcessInitializeOnLoadAttributes (351ms)
				ProcessInitializeOnLoadMethodAttributes (71ms)
				AfterProcessingInitializeOnLoad (9ms)
				EditorAssembliesLoaded (0ms)
			ExecutionOrderSort2 (0ms)
			AwakeInstancesAfterBackupRestoration (10ms)
Platform modules already initialized, skipping
========================================================================
Worker process is ready to serve import requests
Launched and connected shader compiler UnityShaderCompiler.exe after 0.06 seconds
Refreshing native plugins compatible for Editor in 1.27 ms, found 4 plugins.
Preloading 0 native plugins for Editor in 0.00 ms.
Unloading 4069 Unused Serialized files (Serialized files now loaded: 0)
Unloading 44 unused Assets / (223.4 KB). Loaded Objects now: 4519.
Memory consumption went from 151.4 MB to 151.1 MB.
Total: 4.761700 ms (FindLiveObjects: 0.406600 ms CreateObjectMapping: 0.125600 ms MarkObjects: 3.963500 ms  DeleteObjects: 0.264100 ms)

AssetImportParameters requested are different than current active one (requested -> active):
  custom:video-decoder-ogg-theora: a1e56fd34408186e4bbccfd4996cb3dc -> 
  custom:container-muxer-webm: aa71ff27fc2769a1b78a27578f13a17b -> 
  custom:container-demuxer-webm: 4f35f7cbe854078d1ac9338744f61a02 -> 
  custom:video-encoder-webm-vp8: eb34c28f22e8b96e1ab97ce403110664 -> 
  custom:audio-encoder-webm-vorbis: bf7c407c2cedff20999df2af8eb42d56 -> 
  custom:framework-win-MediaFoundation: 216162199b28c13a410421893ffa2e32 -> 
  custom:container-demuxer-ogg: 62fdf1f143b41e24485cea50d1cbac27 -> 
  custom:video-decoder-webm-vp8: 9c59270c3fd7afecdb556c50c9e8de78 -> 
  custom:audio-decoder-ogg-vorbis: bf7c407c2cedff20999df2af8eb42d56 -> 
========================================================================
Received Import Request.
  Time since last request: 268027.955023 seconds.
  path: Assets/Platforms.png
  artifactKey: Guid(725d5ca74ccf46743972a58bae8979d2) Importer(815301076,1909f56bfc062723c751e8b465ee728b)
Start importing Assets/Platforms.png using Guid(725d5ca74ccf46743972a58bae8979d2) Importer(815301076,1909f56bfc062723c751e8b465ee728b)  -> (artifact id: '3b1ec9341da1acdeea7a4a7457b56c86') in 0.300692 seconds 
========================================================================
Received Import Request.
  Time since last request: 12.064973 seconds.
  path: Assets/Tiles 32x32/separate png/tile_01.png
  artifactKey: Guid(0d6eec0af6445c149b9b8a9008e64b3e) Importer(815301076,1909f56bfc062723c751e8b465ee728b)
Start importing Assets/Tiles 32x32/separate png/tile_01.png using Guid(0d6eec0af6445c149b9b8a9008e64b3e) Importer(815301076,1909f56bfc062723c751e8b465ee728b)  -> (artifact id: '2f7cfe76c3d8afdb2d292394a19c442d') in 0.036894 seconds 
========================================================================
Received Import Request.
  Time since last request: 0.000046 seconds.
  path: Assets/Tiles 32x32/separate png/tile_31.png
  artifactKey: Guid(94e1338939ea9a3488efad37e129c115) Importer(815301076,1909f56bfc062723c751e8b465ee728b)
Start importing Assets/Tiles 32x32/separate png/tile_31.png using Guid(94e1338939ea9a3488efad37e129c115) Importer(815301076,1909f56bfc062723c751e8b465ee728b)  -> (artifact id: '5be2a958364b26510e552810a0ae18e1') in 0.029830 seconds 
========================================================================
Received Import Request.
  Time since last request: 0.000056 seconds.
  path: Assets/Tiles 32x32/separate png/tile_20.png
  artifactKey: Guid(ca72a7dd7dd736d4797a46554ffac683) Importer(815301076,1909f56bfc062723c751e8b465ee728b)
Start importing Assets/Tiles 32x32/separate png/tile_20.png using Guid(ca72a7dd7dd736d4797a46554ffac683) Importer(815301076,1909f56bfc062723c751e8b465ee728b)  -> (artifact id: 'aa170178dc26899ac545b191e485ea56') in 0.031460 seconds 
========================================================================
Received Import Request.
  Time since last request: 0.000053 seconds.
  path: Assets/Tiles 32x32/separate png/tile_10.png
  artifactKey: Guid(fcbc54f0708e31849948fad55a37fc6f) Importer(815301076,1909f56bfc062723c751e8b465ee728b)
Start importing Assets/Tiles 32x32/separate png/tile_10.png using Guid(fcbc54f0708e31849948fad55a37fc6f) Importer(815301076,1909f56bfc062723c751e8b465ee728b)  -> (artifact id: '72887729d907722f488f7e2a0f7004d2') in 0.028530 seconds 
========================================================================
Received Import Request.
  Time since last request: 0.000072 seconds.
  path: Assets/Tiles 32x32/separate png/tile_05.png
  artifactKey: Guid(886ac1521d6fc184fa1372eb0353cb05) Importer(815301076,1909f56bfc062723c751e8b465ee728b)
Start importing Assets/Tiles 32x32/separate png/tile_05.png using Guid(886ac1521d6fc184fa1372eb0353cb05) Importer(815301076,1909f56bfc062723c751e8b465ee728b)  -> (artifact id: 'fe9761316b470012649f9e7bf7fb3810') in 0.027011 seconds 
========================================================================
Received Import Request.
  Time since last request: 0.000054 seconds.
  path: Assets/Tiles 32x32/separate png/tile_25.png
  artifactKey: Guid(b08a20ad45ead334899ae6751018940f) Importer(815301076,1909f56bfc062723c751e8b465ee728b)
Start importing Assets/Tiles 32x32/separate png/tile_25.png using Guid(b08a20ad45ead334899ae6751018940f) Importer(815301076,1909f56bfc062723c751e8b465ee728b)  -> (artifact id: '975a148c1ad4ec1cd10fae5956690c44') in 0.023670 seconds 
========================================================================
Received Import Request.
  Time since last request: 0.000030 seconds.
  path: Assets/Tiles 32x32/separate png/tile_12.png
  artifactKey: Guid(1251e6939b4ea714b86859a23f77491b) Importer(815301076,1909f56bfc062723c751e8b465ee728b)
Start importing Assets/Tiles 32x32/separate png/tile_12.png using Guid(1251e6939b4ea714b86859a23f77491b) Importer(815301076,1909f56bfc062723c751e8b465ee728b)  -> (artifact id: '8e1c563aa979ab76713e4ce2a6da24f2') in 0.025811 seconds 
========================================================================
Received Import Request.
  Time since last request: 0.000042 seconds.
  path: Assets/Tiles 32x32/separate png/tile_02.png
  artifactKey: Guid(7d18368910b4f46499ba43495d7c1044) Importer(815301076,1909f56bfc062723c751e8b465ee728b)
Start importing Assets/Tiles 32x32/separate png/tile_02.png using Guid(7d18368910b4f46499ba43495d7c1044) Importer(815301076,1909f56bfc062723c751e8b465ee728b)  -> (artifact id: 'ed6d74f13311abe4b9ebe8142d1a5492') in 0.028080 seconds 
========================================================================
Received Import Request.
  Time since last request: 0.000149 seconds.
  path: Assets/Tiles 32x32/separate png/tile_06.png
  artifactKey: Guid(bf12f48323d34c245be8e470986de946) Importer(815301076,1909f56bfc062723c751e8b465ee728b)
Start importing Assets/Tiles 32x32/separate png/tile_06.png using Guid(bf12f48323d34c245be8e470986de946) Importer(815301076,1909f56bfc062723c751e8b465ee728b)  -> (artifact id: 'b8865ecbcd33ddde0e83016888371bbb') in 0.027522 seconds 
========================================================================
Received Import Request.
  Time since last request: 0.000050 seconds.
  path: Assets/Tiles 32x32/separate png/tile_17.png
  artifactKey: Guid(9fe683303ae7c4d40aa0d8c6f090447b) Importer(815301076,1909f56bfc062723c751e8b465ee728b)
Start importing Assets/Tiles 32x32/separate png/tile_17.png using Guid(9fe683303ae7c4d40aa0d8c6f090447b) Importer(815301076,1909f56bfc062723c751e8b465ee728b)  -> (artifact id: '1a0d49fbfc364eaa9fc3dcf41151dca0') in 0.026386 seconds 
========================================================================
Received Import Request.
  Time since last request: 0.000038 seconds.
  path: Assets/Tiles 32x32/separate png/tile_15.png
  artifactKey: Guid(0c4b8c276e43eff458a50e9ef34945f7) Importer(815301076,1909f56bfc062723c751e8b465ee728b)
Start importing Assets/Tiles 32x32/separate png/tile_15.png using Guid(0c4b8c276e43eff458a50e9ef34945f7) Importer(815301076,1909f56bfc062723c751e8b465ee728b)  -> (artifact id: 'ce7dd80d1aef83047565898cc54d3df5') in 0.029649 seconds 
========================================================================
Received Import Request.
  Time since last request: 0.000041 seconds.
  path: Assets/Tiles 32x32/separate png/tile_19.png
  artifactKey: Guid(59e0db3b348791f4d9384a28813b114a) Importer(815301076,1909f56bfc062723c751e8b465ee728b)
Start importing Assets/Tiles 32x32/separate png/tile_19.png using Guid(59e0db3b348791f4d9384a28813b114a) Importer(815301076,1909f56bfc062723c751e8b465ee728b)  -> (artifact id: 'b2f1fe1548b779c786ed8be7dd7c8280') in 0.028741 seconds 
========================================================================
Received Import Request.
  Time since last request: 0.000069 seconds.
  path: Assets/Tiles 32x32/separate png/tile_22.png
  artifactKey: Guid(b1bd92bd853a0c54b84b5c6098b5c389) Importer(815301076,1909f56bfc062723c751e8b465ee728b)
Start importing Assets/Tiles 32x32/separate png/tile_22.png using Guid(b1bd92bd853a0c54b84b5c6098b5c389) Importer(815301076,1909f56bfc062723c751e8b465ee728b)  -> (artifact id: '3f9b0732d0082c1085d2411d3be1622a') in 0.027302 seconds 
========================================================================
Received Import Request.
  Time since last request: 0.000045 seconds.
  path: Assets/Tiles 32x32/separate png/tile_29.png
  artifactKey: Guid(f81815aed30ea5c4c8561e02860e654b) Importer(815301076,1909f56bfc062723c751e8b465ee728b)
Start importing Assets/Tiles 32x32/separate png/tile_29.png using Guid(f81815aed30ea5c4c8561e02860e654b) Importer(815301076,1909f56bfc062723c751e8b465ee728b)  -> (artifact id: '2b1651b7a03cac1b3bc541ee1d1498f6') in 0.031626 seconds 
========================================================================
Received Import Request.
  Time since last request: 0.000052 seconds.
  path: Assets/Tiles 32x32/separate png/tile_30.png
  artifactKey: Guid(0fe4644fffe0bd64d967c6d416b1e6f5) Importer(815301076,1909f56bfc062723c751e8b465ee728b)
Start importing Assets/Tiles 32x32/separate png/tile_30.png using Guid(0fe4644fffe0bd64d967c6d416b1e6f5) Importer(815301076,1909f56bfc062723c751e8b465ee728b)  -> (artifact id: '8be178297e7d195bc22bf2f4bbf6813d') in 0.030175 seconds 
========================================================================
Received Import Request.
  Time since last request: 0.000045 seconds.
  path: Assets/Tiles 32x32/separate png/tile_18.png
  artifactKey: Guid(16f6690814c36594f9e9107781e1d9db) Importer(815301076,1909f56bfc062723c751e8b465ee728b)
Start importing Assets/Tiles 32x32/separate png/tile_18.png using Guid(16f6690814c36594f9e9107781e1d9db) Importer(815301076,1909f56bfc062723c751e8b465ee728b)  -> (artifact id: '430e4285516e79f3374956c37ca404bf') in 0.029489 seconds 
Editor requested this worker to shutdown with reason: Scaling down because of idle timeout
AssetImportWorker is now disconnected from the server
Process exiting
Exiting without the bug reporter. Application will terminate with return code 0