Using pre-set license
Built from '2020.3/staging' branch; Version is '2020.3.26f1 (7298b473bc1a) revision 7510196'; Using compiler version '192528614'; Build Type 'Release'
OS: 'Windows 11  (10.0.22000) 64bit Core' Language: 'en' Physical Memory: 16221 MB
BatchMode: 1, IsHumanControllingUs: 0, StartBugReporterOnCrash: 0, Is64bit: 1, IsPro: 0

COMMAND LINE ARGUMENTS:
C:\Program Files\Unity\Hub\Editor\2020.3.26f1\Editor\Unity.exe
-adb2
-batchMode
-noUpm
-name
AssetImportWorker0
-projectPath
C:/Users/eduar/Documents/Pulse/First Game/New Game
-logFile
Logs/AssetImportWorker0.log
-srvPort
56293
Successfully changed project path to: C:/Users/eduar/Documents/Pulse/First Game/New Game
C:/Users/eduar/Documents/Pulse/First Game/New Game
Using Asset Import Pipeline V2.
Refreshing native plugins compatible for Editor in 50.49 ms, found 2 plugins.
Preloading 0 native plugins for Editor in 0.00 ms.
Initialize engine version: 2020.3.26f1 (7298b473bc1a)
[Subsystems] Discovering subsystems at path C:/Program Files/Unity/Hub/Editor/2020.3.26f1/Editor/Data/Resources/UnitySubsystems
[Subsystems] Discovering subsystems at path C:/Users/eduar/Documents/Pulse/First Game/New Game/Assets
GfxDevice: creating device client; threaded=0
Direct3D:
    Version:  Direct3D 11.0 [level 11.1]
    Renderer: NVIDIA GeForce GTX 1660 Ti (ID=0x2191)
    Vendor:   
    VRAM:     5991 MB
    Driver:   31.0.15.1640
Initialize mono
Mono path[0] = 'C:/Program Files/Unity/Hub/Editor/2020.3.26f1/Editor/Data/Managed'
Mono path[1] = 'C:/Program Files/Unity/Hub/Editor/2020.3.26f1/Editor/Data/MonoBleedingEdge/lib/mono/unityjit'
Mono config path = 'C:/Program Files/Unity/Hub/Editor/2020.3.26f1/Editor/Data/MonoBleedingEdge/etc'
Using monoOptions --debugger-agent=transport=dt_socket,embedding=1,server=y,suspend=n,address=127.0.0.1:56228
Begin MonoManager ReloadAssembly
Registering precompiled unity dll's ...
Register platform support module: C:/Program Files/Unity/Hub/Editor/2020.3.26f1/Editor/Data/PlaybackEngines/WebGLSupport/UnityEditor.WebGL.Extensions.dll
Register platform support module: C:/Program Files/Unity/Hub/Editor/2020.3.26f1/Editor/Data/PlaybackEngines/WindowsStandaloneSupport/UnityEditor.WindowsStandalone.Extensions.dll
Registered in 0.001561 seconds.
Native extension for WindowsStandalone target not found
Native extension for WebGL target not found
Refreshing native plugins compatible for Editor in 56.61 ms, found 2 plugins.
Preloading 0 native plugins for Editor in 0.00 ms.
Mono: successfully reloaded assembly
- Completed reload, in  0.560 seconds
Domain Reload Profiling:
	ReloadAssembly (560ms)
		BeginReloadAssembly (44ms)
			ExecutionOrderSort (0ms)
			DisableScriptedObjects (0ms)
			BackupInstance (0ms)
			ReleaseScriptingObjects (0ms)
			CreateAndSetChildDomain (1ms)
		EndReloadAssembly (441ms)
			LoadAssemblies (43ms)
			RebuildTransferFunctionScriptingTraits (0ms)
			SetupTypeCache (150ms)
			ReleaseScriptCaches (0ms)
			RebuildScriptCaches (27ms)
			SetupLoadedEditorAssemblies (179ms)
				LogAssemblyErrors (0ms)
				InitializePlatformSupportModulesInManaged (5ms)
				SetLoadedEditorAssemblies (0ms)
				RefreshPlugins (57ms)
				BeforeProcessingInitializeOnLoad (14ms)
				ProcessInitializeOnLoadAttributes (79ms)
				ProcessInitializeOnLoadMethodAttributes (24ms)
				AfterProcessingInitializeOnLoad (0ms)
				EditorAssembliesLoaded (0ms)
			ExecutionOrderSort2 (0ms)
			AwakeInstancesAfterBackupRestoration (0ms)
Platform modules already initialized, skipping
Registering precompiled user dll's ...
Registered in 0.004523 seconds.
Begin MonoManager ReloadAssembly
Native extension for WindowsStandalone target not found
Native extension for WebGL target not found
Refreshing native plugins compatible for Editor in 54.53 ms, found 2 plugins.
Preloading 0 native plugins for Editor in 0.00 ms.
Mono: successfully reloaded assembly
- Completed reload, in  1.107 seconds
Domain Reload Profiling:
	ReloadAssembly (1108ms)
		BeginReloadAssembly (133ms)
			ExecutionOrderSort (0ms)
			DisableScriptedObjects (4ms)
			BackupInstance (0ms)
			ReleaseScriptingObjects (0ms)
			CreateAndSetChildDomain (17ms)
		EndReloadAssembly (916ms)
			LoadAssemblies (78ms)
			RebuildTransferFunctionScriptingTraits (0ms)
			SetupTypeCache (309ms)
			ReleaseScriptCaches (0ms)
			RebuildScriptCaches (44ms)
			SetupLoadedEditorAssemblies (372ms)
				LogAssemblyErrors (0ms)
				InitializePlatformSupportModulesInManaged (4ms)
				SetLoadedEditorAssemblies (0ms)
				RefreshPlugins (55ms)
				BeforeProcessingInitializeOnLoad (105ms)
				ProcessInitializeOnLoadAttributes (195ms)
				ProcessInitializeOnLoadMethodAttributes (8ms)
				AfterProcessingInitializeOnLoad (5ms)
				EditorAssembliesLoaded (0ms)
			ExecutionOrderSort2 (0ms)
			AwakeInstancesAfterBackupRestoration (7ms)
Platform modules already initialized, skipping
========================================================================
Worker process is ready to serve import requests
Launched and connected shader compiler UnityShaderCompiler.exe after 0.03 seconds
Refreshing native plugins compatible for Editor in 0.93 ms, found 2 plugins.
Preloading 0 native plugins for Editor in 0.00 ms.
Unloading 2833 Unused Serialized files (Serialized files now loaded: 0)
System memory in use before: 147.2 MB.
System memory in use after: 147.5 MB.

Unloading 19 unused Assets to reduce memory usage. Loaded Objects now: 3296.
Total: 5.696600 ms (FindLiveObjects: 0.454000 ms CreateObjectMapping: 0.248000 ms MarkObjects: 4.955600 ms  DeleteObjects: 0.036900 ms)

AssetImportParameters requested are different than current active one (requested -> active):
  custom:framework-win-MediaFoundation: 216162199b28c13a410421893ffa2e32 -> 
  custom:video-decoder-ogg-theora: a1e56fd34408186e4bbccfd4996cb3dc -> 
  custom:container-muxer-webm: aa71ff27fc2769a1b78a27578f13a17b -> 
  custom:container-demuxer-webm: 4f35f7cbe854078d1ac9338744f61a02 -> 
  custom:container-demuxer-ogg: 62fdf1f143b41e24485cea50d1cbac27 -> 
  custom:video-encoder-webm-vp8: eb34c28f22e8b96e1ab97ce403110664 -> 
  custom:video-decoder-webm-vp8: 9c59270c3fd7afecdb556c50c9e8de78 -> 
  custom:audio-decoder-ogg-vorbis: bf7c407c2cedff20999df2af8eb42d56 -> 
  custom:audio-encoder-webm-vorbis: bf7c407c2cedff20999df2af8eb42d56 -> 
========================================================================
Received Import Request.
  path: Assets/Scenes/NewGame.unity
  artifactKey: Guid(5bfbd55bbc097e54b9b62ee323c6e8f9) Importer(815301076,1909f56bfc062723c751e8b465ee728b)
Start importing Assets/Scenes/NewGame.unity using Guid(5bfbd55bbc097e54b9b62ee323c6e8f9) Importer(815301076,1909f56bfc062723c751e8b465ee728b)  -> (artifact id: 'b5176f6d7cbd8f5d8bf64e9a741bc81d') in 0.029196 seconds 
  Import took 0.036204 seconds .

========================================================================
Received Import Request.
  Time since last request: 0.000247 seconds.
  path: Assets/Scenes/FirstScene.unity
  artifactKey: Guid(71ceadbc805c9884fa39406bf9a6c252) Importer(815301076,1909f56bfc062723c751e8b465ee728b)
Start importing Assets/Scenes/FirstScene.unity using Guid(71ceadbc805c9884fa39406bf9a6c252) Importer(815301076,1909f56bfc062723c751e8b465ee728b)  -> (artifact id: '129a4c48c3426f5d46f4141271a6c881') in 0.010785 seconds 
  Import took 0.018803 seconds .

========================================================================
Received Import Request.
  Time since last request: 0.000273 seconds.
  path: Assets/Scenes/Level2.unity
  artifactKey: Guid(583fb4a7116852246b47a5694d7d331e) Importer(815301076,1909f56bfc062723c751e8b465ee728b)
Start importing Assets/Scenes/Level2.unity using Guid(583fb4a7116852246b47a5694d7d331e) Importer(815301076,1909f56bfc062723c751e8b465ee728b)  -> (artifact id: 'a2af09e186edecb57f4316b3b0f903eb') in 0.010979 seconds 
  Import took 0.018573 seconds .

========================================================================
Received Import Request.
  Time since last request: 52.239886 seconds.
  path: Assets/Scripts/Mission1.cs
  artifactKey: Guid(6abbd6454bae8b94597651f5958c944f) Importer(815301076,1909f56bfc062723c751e8b465ee728b)
Start importing Assets/Scripts/Mission1.cs using Guid(6abbd6454bae8b94597651f5958c944f) Importer(815301076,1909f56bfc062723c751e8b465ee728b)  -> (artifact id: '832469806cd503873269ad8716327789') in 0.054541 seconds 
  Import took 0.058879 seconds .

========================================================================
Received Import Request.
  Time since last request: 297.375806 seconds.
  path: Assets/Materials/Materials/background.mat
  artifactKey: Guid(0642dfc2745b5454895e0649fe7c9a22) Importer(815301076,1909f56bfc062723c751e8b465ee728b)
Start importing Assets/Materials/Materials/background.mat using Guid(0642dfc2745b5454895e0649fe7c9a22) Importer(815301076,1909f56bfc062723c751e8b465ee728b)  -> (artifact id: '14556f0e691f3c3147bffba47632db21') in 0.441724 seconds 
  Import took 0.446315 seconds .

========================================================================
Received Import Request.
  Time since last request: 0.000260 seconds.
  path: Assets/Materials/Materials/ufodisk.mat
  artifactKey: Guid(8178ab425d632b44fa8a731260a65e6a) Importer(815301076,1909f56bfc062723c751e8b465ee728b)
Start importing Assets/Materials/Materials/ufodisk.mat using Guid(8178ab425d632b44fa8a731260a65e6a) Importer(815301076,1909f56bfc062723c751e8b465ee728b)  -> (artifact id: '1f3ea7fcaf32d54c86a0f31d7da064e5') in 0.016455 seconds 
  Import took 0.020823 seconds .

========================================================================
Received Import Request.
  Time since last request: 0.000324 seconds.
  path: Assets/Materials/Materials/ocean_life_wallpaper_sky_cloud_moon_ecology_beautiful-939878.mat
  artifactKey: Guid(08534a4c61b267b43a296ea916e37073) Importer(815301076,1909f56bfc062723c751e8b465ee728b)
Start importing Assets/Materials/Materials/ocean_life_wallpaper_sky_cloud_moon_ecology_beautiful-939878.mat using Guid(08534a4c61b267b43a296ea916e37073) Importer(815301076,1909f56bfc062723c751e8b465ee728b)  -> (artifact id: '8cf93182fb8f2b64fb7300d8ab6179bb') in 0.024090 seconds 
  Import took 0.030455 seconds .

========================================================================
Received Import Request.
  Time since last request: 0.000391 seconds.
  path: Assets/Materials/Materials/moon2.mat
  artifactKey: Guid(d15bf367067c7974eb4c58d0a122d405) Importer(815301076,1909f56bfc062723c751e8b465ee728b)
Start importing Assets/Materials/Materials/moon2.mat using Guid(d15bf367067c7974eb4c58d0a122d405) Importer(815301076,1909f56bfc062723c751e8b465ee728b)  -> (artifact id: '29c4c79ab46de03ea55a5d2598d93257') in 0.029243 seconds 
  Import took 0.034578 seconds .

========================================================================
Received Import Request.
  Time since last request: 31.436560 seconds.
  path: Assets/Post Processing Volume/New Volume Profile.asset
  artifactKey: Guid(f6e581e725748c64b8ded5bf18e8b6dc) Importer(815301076,1909f56bfc062723c751e8b465ee728b)
Start importing Assets/Post Processing Volume/New Volume Profile.asset using Guid(f6e581e725748c64b8ded5bf18e8b6dc) Importer(815301076,1909f56bfc062723c751e8b465ee728b)  -> (artifact id: 'd760f035864c1930d7912cdea8cbc20d') in 0.013677 seconds 
  Import took 0.017775 seconds .

========================================================================
Received Import Request.
  Time since last request: 2.778573 seconds.
  path: Assets/Animation/Animations
  artifactKey: Guid(71e2d9d36fcb5db46b54278bc9de2088) Importer(815301076,1909f56bfc062723c751e8b465ee728b)
Start importing Assets/Animation/Animations using Guid(71e2d9d36fcb5db46b54278bc9de2088) Importer(815301076,1909f56bfc062723c751e8b465ee728b)  -> (artifact id: '299027e65d26c285cbae08f911732d4a') in 0.007677 seconds 
  Import took 0.012674 seconds .

AssetImportWorkerClient::OnTransportError - code=2 error=End of file
